13:34:47 [INFO] Requested: +changes/?p=1
13:34:50 [INFO] Requested: +changes/?p=2
13:34:51 [INFO] Requested: en/optimizer-trace-for-developers/
13:34:51 [INFO] Wrote to "../HTML/en/optimizer-trace-for-developers.html"
13:34:53 [INFO] Requested: en/optimizer-trace-for-developers/+comments/feed
13:34:53 [INFO] Wrote to "../HTML/en\\optimizer-trace-for-developers\\+comments\\feed.html"
13:34:54 [INFO] Requested: en/optimizer-trace-for-developers/+comments
13:34:54 [INFO] Wrote to "../HTML/en\\optimizer-trace-for-developers\\+comments.html"
13:34:56 [INFO] Requested: en/optimizer-trace-for-developers/+edit/attachments
13:34:56 [INFO] Wrote to "../HTML/en\\optimizer-trace-for-developers\\+edit\\attachments.html"
13:34:58 [INFO] Requested: en/optimizer-trace-for-developers/+history
13:34:58 [INFO] Wrote to "../HTML/en\\optimizer-trace-for-developers\\+history.html"
13:35:00 [INFO] Requested: en/optimizer-trace-for-developers/+license
13:35:00 [INFO] Wrote to "../HTML/en\\optimizer-trace-for-developers\\+license.html"
13:35:01 [INFO] Requested: en/optimizer-trace-for-developers/+r/122284
13:35:01 [INFO] Wrote to "../HTML/en\\optimizer-trace-for-developers\\+r\\122284.html"
13:35:02 [INFO] Requested: en/optimizer-trace-for-developers/+r/122285
13:35:02 [INFO] Wrote to "../HTML/en\\optimizer-trace-for-developers\\+r\\122285.html"
13:35:04 [INFO] Requested: en/optimizer-trace-for-developers/+r/122286
13:35:04 [INFO] Wrote to "../HTML/en\\optimizer-trace-for-developers\\+r\\122286.html"
13:35:05 [INFO] Requested: en/optimizer-trace-for-developers/+r/122287
13:35:05 [INFO] Wrote to "../HTML/en\\optimizer-trace-for-developers\\+r\\122287.html"
13:35:07 [INFO] Requested: en/optimizer-trace-for-developers/+source
13:35:07 [INFO] Wrote to "../HTML/en\\optimizer-trace-for-developers\\+source.html"
13:35:09 [INFO] Requested: en/xtradbinnodb-system-variables/
13:35:09 [INFO] Wrote to "../HTML/en/xtradbinnodb-system-variables.html"
13:35:12 [INFO] Requested: en/xtradbinnodb-system-variables/+r/122283
13:35:12 [INFO] Wrote to "../HTML/en\\xtradbinnodb-system-variables\\+r\\122283.html"
13:35:13 [INFO] Requested: en/information-schema-thread_pool_stats-table/
13:35:13 [INFO] Wrote to "../HTML/en/information-schema-thread_pool_stats-table.html"
13:35:15 [INFO] Requested: en/information-schema-thread_pool_stats-table/+r/122269
13:35:15 [INFO] Wrote to "../HTML/en\\information-schema-thread_pool_stats-table\\+r\\122269.html"
13:35:17 [INFO] Requested: en/information-schema-thread_pool_stats-table/+r/122280
13:35:17 [INFO] Wrote to "../HTML/en\\information-schema-thread_pool_stats-table\\+r\\122280.html"
13:35:18 [INFO] Requested: en/mariadb-binlogreplication-api-reference/
13:35:18 [INFO] Wrote to "../HTML/en/mariadb-binlogreplication-api-reference.html"
13:35:19 [INFO] Requested: en/mariadb-binlogreplication-api-reference/+comments/feed
13:35:19 [INFO] Wrote to "../HTML/en\\mariadb-binlogreplication-api-reference\\+comments\\feed.html"
13:35:20 [INFO] Requested: en/mariadb-binlogreplication-api-reference/+comments
13:35:20 [INFO] Wrote to "../HTML/en\\mariadb-binlogreplication-api-reference\\+comments.html"
13:35:21 [INFO] Requested: en/mariadb-binlogreplication-api-reference/+edit/attachments
13:35:21 [INFO] Wrote to "../HTML/en\\mariadb-binlogreplication-api-reference\\+edit\\attachments.html"
13:35:23 [INFO] Requested: en/mariadb-binlogreplication-api-reference/+history
13:35:23 [INFO] Wrote to "../HTML/en\\mariadb-binlogreplication-api-reference\\+history.html"
13:35:24 [INFO] Requested: en/mariadb-binlogreplication-api-reference/+license
13:35:24 [INFO] Wrote to "../HTML/en\\mariadb-binlogreplication-api-reference\\+license.html"
13:35:25 [INFO] Requested: en/mariadb-binlogreplication-api-reference/+r/122275
13:35:25 [INFO] Wrote to "../HTML/en\\mariadb-binlogreplication-api-reference\\+r\\122275.html"
13:35:27 [INFO] Requested: en/mariadb-binlogreplication-api-reference/+source
13:35:27 [INFO] Wrote to "../HTML/en\\mariadb-binlogreplication-api-reference\\+source.html"
13:35:28 [INFO] Requested: en/information-schema-thread_pool_waits-table/
13:35:28 [INFO] Wrote to "../HTML/en/information-schema-thread_pool_waits-table.html"
13:35:30 [INFO] Requested: en/information-schema-thread_pool_waits-table/+r/122270
13:35:30 [INFO] Wrote to "../HTML/en\\information-schema-thread_pool_waits-table\\+r\\122270.html"
13:35:32 [INFO] Requested: en/information-schema-thread_pool_queues-table/
13:35:32 [INFO] Wrote to "../HTML/en/information-schema-thread_pool_queues-table.html"
13:35:34 [INFO] Requested: en/information-schema-thread_pool_queues-table/+r/122268
13:35:34 [INFO] Wrote to "../HTML/en\\information-schema-thread_pool_queues-table\\+r\\122268.html"
13:35:35 [INFO] Requested: en/differences-between-federatedx-and-federated/
13:35:35 [INFO] Wrote to "../HTML/en/differences-between-federatedx-and-federated.html"
13:35:37 [INFO] Requested: en/differences-between-federatedx-and-federated/+r/122267
13:35:37 [INFO] Wrote to "../HTML/en\\differences-between-federatedx-and-federated\\+r\\122267.html"
13:35:38 [INFO] Requested: en/information-schema-thread_pool_groups-table/
13:35:38 [INFO] Wrote to "../HTML/en/information-schema-thread_pool_groups-table.html"
13:35:39 [INFO] Requested: en/information-schema-thread_pool_groups-table/+r/122266
13:35:39 [INFO] Wrote to "../HTML/en\\information-schema-thread_pool_groups-table\\+r\\122266.html"
13:35:41 [INFO] Requested: en/spider-server-system-variables/
13:35:41 [INFO] Wrote to "../HTML/en/spider-server-system-variables.html"
13:35:44 [INFO] Requested: en/spider-server-system-variables/+r/122222
13:35:44 [INFO] Wrote to "../HTML/en\\spider-server-system-variables\\+r\\122222.html"
13:35:48 [INFO] Requested: en/spider-server-system-variables/+r/122225
13:35:48 [INFO] Wrote to "../HTML/en\\spider-server-system-variables\\+r\\122225.html"
13:35:52 [INFO] Requested: en/spider-server-system-variables/+r/122227
13:35:52 [INFO] Wrote to "../HTML/en\\spider-server-system-variables\\+r\\122227.html"
13:35:56 [INFO] Requested: en/spider-server-system-variables/+r/122230
13:35:56 [INFO] Wrote to "../HTML/en\\spider-server-system-variables\\+r\\122230.html"
13:36:00 [INFO] Requested: en/spider-server-system-variables/+r/122233
13:36:00 [INFO] Wrote to "../HTML/en\\spider-server-system-variables\\+r\\122233.html"
13:36:03 [INFO] Requested: en/spider-server-system-variables/+r/122236
13:36:03 [INFO] Wrote to "../HTML/en\\spider-server-system-variables\\+r\\122236.html"
13:36:05 [INFO] Requested: en/spider-server-system-variables/+r/122239
13:36:05 [INFO] Wrote to "../HTML/en\\spider-server-system-variables\\+r\\122239.html"
13:36:09 [INFO] Requested: en/spider-server-system-variables/+r/122242
13:36:09 [INFO] Wrote to "../HTML/en\\spider-server-system-variables\\+r\\122242.html"
13:36:12 [INFO] Requested: en/spider-server-system-variables/+r/122245
13:36:12 [INFO] Wrote to "../HTML/en\\spider-server-system-variables\\+r\\122245.html"
13:36:16 [INFO] Requested: en/spider-server-system-variables/+r/122248
13:36:16 [INFO] Wrote to "../HTML/en\\spider-server-system-variables\\+r\\122248.html"
13:36:20 [INFO] Requested: en/spider-server-system-variables/+r/122259
13:36:20 [INFO] Wrote to "../HTML/en\\spider-server-system-variables\\+r\\122259.html"
13:36:23 [INFO] Requested: en/spider-server-system-variables/+r/122262
13:36:23 [INFO] Wrote to "../HTML/en\\spider-server-system-variables\\+r\\122262.html"
13:36:25 [INFO] Requested: en/spider-server-system-variables/+r/122265
13:36:25 [INFO] Wrote to "../HTML/en\\spider-server-system-variables\\+r\\122265.html"
13:36:27 [INFO] Requested: en/spider-server-system-variables/+revision/122222/122112
13:36:27 [INFO] Wrote to "../HTML/en\\spider-server-system-variables\\+revision\\122222\\122112.html"
13:36:29 [INFO] Requested: en/spider-server-system-variables/+revision/122225/122222
13:36:29 [INFO] Wrote to "../HTML/en\\spider-server-system-variables\\+revision\\122225\\122222.html"
13:36:32 [INFO] Requested: en/spider-server-system-variables/+revision/122227/122225
13:36:32 [INFO] Wrote to "../HTML/en\\spider-server-system-variables\\+revision\\122227\\122225.html"
13:36:34 [INFO] Requested: en/spider-server-system-variables/+revision/122230/122227
13:36:34 [INFO] Wrote to "../HTML/en\\spider-server-system-variables\\+revision\\122230\\122227.html"
13:36:36 [INFO] Requested: en/spider-server-system-variables/+revision/122233/122230
13:36:36 [INFO] Wrote to "../HTML/en\\spider-server-system-variables\\+revision\\122233\\122230.html"
13:36:39 [INFO] Requested: en/spider-server-system-variables/+revision/122236/122233
13:36:39 [INFO] Wrote to "../HTML/en\\spider-server-system-variables\\+revision\\122236\\122233.html"
13:36:41 [INFO] Requested: en/spider-server-system-variables/+revision/122239/122236
13:36:41 [INFO] Wrote to "../HTML/en\\spider-server-system-variables\\+revision\\122239\\122236.html"
13:36:43 [INFO] Requested: en/spider-server-system-variables/+revision/122242/122239
13:36:43 [INFO] Wrote to "../HTML/en\\spider-server-system-variables\\+revision\\122242\\122239.html"
13:36:46 [INFO] Requested: en/spider-server-system-variables/+revision/122245/122242
13:36:46 [INFO] Wrote to "../HTML/en\\spider-server-system-variables\\+revision\\122245\\122242.html"
13:36:48 [INFO] Requested: en/spider-server-system-variables/+revision/122248/122245
13:36:48 [INFO] Wrote to "../HTML/en\\spider-server-system-variables\\+revision\\122248\\122245.html"
13:36:49 [INFO] Requested: en/upgrading-from-mariadb-10-6-to-mariadb-10-11/
13:36:49 [INFO] Wrote to "../HTML/en/upgrading-from-mariadb-10-6-to-mariadb-10-11.html"
13:36:50 [INFO] Requested: en/upgrading-from-mariadb-10-6-to-mariadb-10-11/+comments/feed
13:36:50 [INFO] Wrote to "../HTML/en\\upgrading-from-mariadb-10-6-to-mariadb-10-11\\+comments\\feed.html"
13:36:51 [INFO] Requested: en/upgrading-from-mariadb-10-6-to-mariadb-10-11/+comments
13:36:51 [INFO] Wrote to "../HTML/en\\upgrading-from-mariadb-10-6-to-mariadb-10-11\\+comments.html"
13:36:52 [INFO] Requested: en/upgrading-from-mariadb-10-6-to-mariadb-10-11/+edit/attachments
13:36:52 [INFO] Wrote to "../HTML/en\\upgrading-from-mariadb-10-6-to-mariadb-10-11\\+edit\\attachments.html"
13:36:54 [INFO] Requested: en/upgrading-from-mariadb-10-6-to-mariadb-10-11/+history
13:36:54 [INFO] Wrote to "../HTML/en\\upgrading-from-mariadb-10-6-to-mariadb-10-11\\+history.html"
13:36:56 [INFO] Requested: en/upgrading-from-mariadb-10-6-to-mariadb-10-11/+license
13:36:56 [INFO] Wrote to "../HTML/en\\upgrading-from-mariadb-10-6-to-mariadb-10-11\\+license.html"
13:36:57 [INFO] Requested: en/upgrading-from-mariadb-10-6-to-mariadb-10-11/+r/122218
13:36:57 [INFO] Wrote to "../HTML/en\\upgrading-from-mariadb-10-6-to-mariadb-10-11\\+r\\122218.html"
13:36:59 [INFO] Requested: en/upgrading-from-mariadb-10-6-to-mariadb-10-11/+r/122219
13:36:59 [INFO] Wrote to "../HTML/en\\upgrading-from-mariadb-10-6-to-mariadb-10-11\\+r\\122219.html"
13:37:00 [INFO] Requested: en/upgrading-from-mariadb-10-6-to-mariadb-10-11/+r/122220
13:37:00 [INFO] Wrote to "../HTML/en\\upgrading-from-mariadb-10-6-to-mariadb-10-11\\+r\\122220.html"
13:37:02 [INFO] Requested: en/upgrading-from-mariadb-10-6-to-mariadb-10-11/+r/122221
13:37:02 [INFO] Wrote to "../HTML/en\\upgrading-from-mariadb-10-6-to-mariadb-10-11\\+r\\122221.html"
13:37:04 [INFO] Requested: en/upgrading-from-mariadb-10-6-to-mariadb-10-11/+r/122224
13:37:04 [INFO] Wrote to "../HTML/en\\upgrading-from-mariadb-10-6-to-mariadb-10-11\\+r\\122224.html"
13:37:05 [INFO] Requested: en/upgrading-from-mariadb-10-6-to-mariadb-10-11/+r/122229
13:37:05 [INFO] Wrote to "../HTML/en\\upgrading-from-mariadb-10-6-to-mariadb-10-11\\+r\\122229.html"
13:37:07 [INFO] Requested: en/upgrading-from-mariadb-10-6-to-mariadb-10-11/+r/122232
13:37:07 [INFO] Wrote to "../HTML/en\\upgrading-from-mariadb-10-6-to-mariadb-10-11\\+r\\122232.html"
13:37:09 [INFO] Requested: en/upgrading-from-mariadb-10-6-to-mariadb-10-11/+r/122235
13:37:09 [INFO] Wrote to "../HTML/en\\upgrading-from-mariadb-10-6-to-mariadb-10-11\\+r\\122235.html"
13:37:10 [INFO] Requested: en/upgrading-from-mariadb-10-6-to-mariadb-10-11/+r/122238
13:37:10 [INFO] Wrote to "../HTML/en\\upgrading-from-mariadb-10-6-to-mariadb-10-11\\+r\\122238.html"
13:37:12 [INFO] Requested: en/upgrading-from-mariadb-10-6-to-mariadb-10-11/+r/122241
13:37:12 [INFO] Wrote to "../HTML/en\\upgrading-from-mariadb-10-6-to-mariadb-10-11\\+r\\122241.html"
13:37:13 [INFO] Requested: en/upgrading-from-mariadb-10-6-to-mariadb-10-11/+r/122244
13:37:13 [INFO] Wrote to "../HTML/en\\upgrading-from-mariadb-10-6-to-mariadb-10-11\\+r\\122244.html"
13:37:14 [INFO] Requested: en/upgrading-from-mariadb-10-6-to-mariadb-10-11/+r/122247
13:37:14 [INFO] Wrote to "../HTML/en\\upgrading-from-mariadb-10-6-to-mariadb-10-11\\+r\\122247.html"
13:37:16 [INFO] Requested: en/upgrading-from-mariadb-10-6-to-mariadb-10-11/+r/122250
13:37:16 [INFO] Wrote to "../HTML/en\\upgrading-from-mariadb-10-6-to-mariadb-10-11\\+r\\122250.html"
13:37:18 [INFO] Requested: en/upgrading-from-mariadb-10-6-to-mariadb-10-11/+r/122261
13:37:18 [INFO] Wrote to "../HTML/en\\upgrading-from-mariadb-10-6-to-mariadb-10-11\\+r\\122261.html"
13:37:19 [INFO] Requested: en/upgrading-from-mariadb-10-6-to-mariadb-10-11/+r/122264
13:37:19 [INFO] Wrote to "../HTML/en\\upgrading-from-mariadb-10-6-to-mariadb-10-11\\+r\\122264.html"
13:37:21 [INFO] Requested: en/upgrading-from-mariadb-10-6-to-mariadb-10-11/+revision/122218/122069
13:37:21 [INFO] Wrote to "../HTML/en\\upgrading-from-mariadb-10-6-to-mariadb-10-11\\+revision\\122218\\122069.html"
13:37:24 [INFO] Requested: en/upgrading-from-mariadb-10-6-to-mariadb-10-11/+revision/122219/122218
13:37:24 [INFO] Wrote to "../HTML/en\\upgrading-from-mariadb-10-6-to-mariadb-10-11\\+revision\\122219\\122218.html"
13:37:26 [INFO] Requested: en/upgrading-from-mariadb-10-6-to-mariadb-10-11/+revision/122220/122219
13:37:26 [INFO] Wrote to "../HTML/en\\upgrading-from-mariadb-10-6-to-mariadb-10-11\\+revision\\122220\\122219.html"
13:37:28 [INFO] Requested: en/upgrading-from-mariadb-10-6-to-mariadb-10-11/+revision/122221/122220
13:37:28 [INFO] Wrote to "../HTML/en\\upgrading-from-mariadb-10-6-to-mariadb-10-11\\+revision\\122221\\122220.html"
13:37:31 [INFO] Requested: en/upgrading-from-mariadb-10-6-to-mariadb-10-11/+revision/122224/122221
13:37:31 [INFO] Wrote to "../HTML/en\\upgrading-from-mariadb-10-6-to-mariadb-10-11\\+revision\\122224\\122221.html"
13:37:33 [INFO] Requested: en/upgrading-from-mariadb-10-6-to-mariadb-10-11/+revision/122229/122224
13:37:33 [INFO] Wrote to "../HTML/en\\upgrading-from-mariadb-10-6-to-mariadb-10-11\\+revision\\122229\\122224.html"
13:37:35 [INFO] Requested: en/upgrading-from-mariadb-10-6-to-mariadb-10-11/+revision/122232/122229
13:37:35 [INFO] Wrote to "../HTML/en\\upgrading-from-mariadb-10-6-to-mariadb-10-11\\+revision\\122232\\122229.html"
13:37:39 [INFO] Requested: en/upgrading-from-mariadb-10-6-to-mariadb-10-11/+revision/122235/122232
13:37:39 [INFO] Wrote to "../HTML/en\\upgrading-from-mariadb-10-6-to-mariadb-10-11\\+revision\\122235\\122232.html"
13:37:41 [INFO] Requested: en/upgrading-from-mariadb-10-6-to-mariadb-10-11/+revision/122238/122235
13:37:41 [INFO] Wrote to "../HTML/en\\upgrading-from-mariadb-10-6-to-mariadb-10-11\\+revision\\122238\\122235.html"
13:37:44 [INFO] Requested: en/upgrading-from-mariadb-10-6-to-mariadb-10-11/+revision/122241/122238
13:37:44 [INFO] Wrote to "../HTML/en\\upgrading-from-mariadb-10-6-to-mariadb-10-11\\+revision\\122241\\122238.html"
13:37:46 [INFO] Requested: en/upgrading-from-mariadb-10-6-to-mariadb-10-11/+revision/122244/122241
13:37:46 [INFO] Wrote to "../HTML/en\\upgrading-from-mariadb-10-6-to-mariadb-10-11\\+revision\\122244\\122241.html"
13:37:48 [INFO] Requested: en/upgrading-from-mariadb-10-6-to-mariadb-10-11/+revision/122247/122244
13:37:48 [INFO] Wrote to "../HTML/en\\upgrading-from-mariadb-10-6-to-mariadb-10-11\\+revision\\122247\\122244.html"
13:37:50 [INFO] Requested: en/upgrading-from-mariadb-10-6-to-mariadb-10-11/+revision/122250/122247
13:37:50 [INFO] Wrote to "../HTML/en\\upgrading-from-mariadb-10-6-to-mariadb-10-11\\+revision\\122250\\122247.html"
13:37:52 [INFO] Requested: en/upgrading-from-mariadb-10-6-to-mariadb-10-11/+source
13:37:52 [INFO] Wrote to "../HTML/en\\upgrading-from-mariadb-10-6-to-mariadb-10-11\\+source.html"
13:37:53 [INFO] Requested: en/upgrading-from-mariadb-10-6-to-mariadb-10-7/
13:37:53 [INFO] Wrote to "../HTML/en/upgrading-from-mariadb-10-6-to-mariadb-10-7.html"
13:37:54 [INFO] Requested: en/upgrading-from-mariadb-10-6-to-mariadb-10-7/+r/122223
13:37:54 [INFO] Wrote to "../HTML/en\\upgrading-from-mariadb-10-6-to-mariadb-10-7\\+r\\122223.html"
13:37:56 [INFO] Requested: en/upgrading-from-mariadb-10-6-to-mariadb-10-7/+r/122226
13:37:56 [INFO] Wrote to "../HTML/en\\upgrading-from-mariadb-10-6-to-mariadb-10-7\\+r\\122226.html"
13:37:57 [INFO] Requested: en/upgrading-from-mariadb-10-6-to-mariadb-10-7/+r/122228
13:37:57 [INFO] Wrote to "../HTML/en\\upgrading-from-mariadb-10-6-to-mariadb-10-7\\+r\\122228.html"
13:37:59 [INFO] Requested: en/upgrading-from-mariadb-10-6-to-mariadb-10-7/+r/122231
13:37:59 [INFO] Wrote to "../HTML/en\\upgrading-from-mariadb-10-6-to-mariadb-10-7\\+r\\122231.html"
13:38:01 [INFO] Requested: en/upgrading-from-mariadb-10-6-to-mariadb-10-7/+r/122234
13:38:01 [INFO] Wrote to "../HTML/en\\upgrading-from-mariadb-10-6-to-mariadb-10-7\\+r\\122234.html"
13:38:02 [INFO] Requested: en/upgrading-from-mariadb-10-6-to-mariadb-10-7/+r/122237
13:38:02 [INFO] Wrote to "../HTML/en\\upgrading-from-mariadb-10-6-to-mariadb-10-7\\+r\\122237.html"
13:38:03 [INFO] Requested: en/upgrading-from-mariadb-10-6-to-mariadb-10-7/+r/122240
13:38:03 [INFO] Wrote to "../HTML/en\\upgrading-from-mariadb-10-6-to-mariadb-10-7\\+r\\122240.html"
13:38:05 [INFO] Requested: en/upgrading-from-mariadb-10-6-to-mariadb-10-7/+r/122243
13:38:05 [INFO] Wrote to "../HTML/en\\upgrading-from-mariadb-10-6-to-mariadb-10-7\\+r\\122243.html"
13:38:06 [INFO] Requested: en/upgrading-from-mariadb-10-6-to-mariadb-10-7/+r/122246
13:38:06 [INFO] Wrote to "../HTML/en\\upgrading-from-mariadb-10-6-to-mariadb-10-7\\+r\\122246.html"
13:38:07 [INFO] Requested: en/upgrading-from-mariadb-10-6-to-mariadb-10-7/+r/122249
13:38:07 [INFO] Wrote to "../HTML/en\\upgrading-from-mariadb-10-6-to-mariadb-10-7\\+r\\122249.html"
13:38:09 [INFO] Requested: en/upgrading-from-mariadb-10-6-to-mariadb-10-7/+r/122260
13:38:09 [INFO] Wrote to "../HTML/en\\upgrading-from-mariadb-10-6-to-mariadb-10-7\\+r\\122260.html"
13:38:10 [INFO] Requested: en/upgrading-from-mariadb-10-6-to-mariadb-10-7/+r/122263
13:38:10 [INFO] Wrote to "../HTML/en\\upgrading-from-mariadb-10-6-to-mariadb-10-7\\+r\\122263.html"
13:38:12 [INFO] Requested: en/upgrading-from-mariadb-10-6-to-mariadb-10-7/+revision/122223/122113
13:38:12 [INFO] Wrote to "../HTML/en\\upgrading-from-mariadb-10-6-to-mariadb-10-7\\+revision\\122223\\122113.html"
13:38:15 [INFO] Requested: en/upgrading-from-mariadb-10-6-to-mariadb-10-7/+revision/122226/122223
13:38:15 [INFO] Wrote to "../HTML/en\\upgrading-from-mariadb-10-6-to-mariadb-10-7\\+revision\\122226\\122223.html"
13:38:17 [INFO] Requested: en/upgrading-from-mariadb-10-6-to-mariadb-10-7/+revision/122228/122226
13:38:17 [INFO] Wrote to "../HTML/en\\upgrading-from-mariadb-10-6-to-mariadb-10-7\\+revision\\122228\\122226.html"
13:38:19 [INFO] Requested: en/upgrading-from-mariadb-10-6-to-mariadb-10-7/+revision/122231/122228
13:38:19 [INFO] Wrote to "../HTML/en\\upgrading-from-mariadb-10-6-to-mariadb-10-7\\+revision\\122231\\122228.html"
13:38:21 [INFO] Requested: en/upgrading-from-mariadb-10-6-to-mariadb-10-7/+revision/122234/122231
13:38:21 [INFO] Wrote to "../HTML/en\\upgrading-from-mariadb-10-6-to-mariadb-10-7\\+revision\\122234\\122231.html"
13:38:24 [INFO] Requested: en/upgrading-from-mariadb-10-6-to-mariadb-10-7/+revision/122237/122234
13:38:24 [INFO] Wrote to "../HTML/en\\upgrading-from-mariadb-10-6-to-mariadb-10-7\\+revision\\122237\\122234.html"
13:38:26 [INFO] Requested: en/upgrading-from-mariadb-10-6-to-mariadb-10-7/+revision/122240/122237
13:38:26 [INFO] Wrote to "../HTML/en\\upgrading-from-mariadb-10-6-to-mariadb-10-7\\+revision\\122240\\122237.html"
13:38:28 [INFO] Requested: en/upgrading-from-mariadb-10-6-to-mariadb-10-7/+revision/122243/122240
13:38:28 [INFO] Wrote to "../HTML/en\\upgrading-from-mariadb-10-6-to-mariadb-10-7\\+revision\\122243\\122240.html"
13:38:30 [INFO] Requested: en/upgrading-from-mariadb-10-6-to-mariadb-10-7/+revision/122246/122243
13:38:30 [INFO] Wrote to "../HTML/en\\upgrading-from-mariadb-10-6-to-mariadb-10-7\\+revision\\122246\\122243.html"
13:38:33 [INFO] Requested: en/upgrading-from-mariadb-10-6-to-mariadb-10-7/+revision/122249/122246
13:38:33 [INFO] Wrote to "../HTML/en\\upgrading-from-mariadb-10-6-to-mariadb-10-7\\+revision\\122249\\122246.html"
13:38:34 [INFO] Requested: en/semisynchronous-replication/
13:38:34 [INFO] Wrote to "../HTML/en/semisynchronous-replication.html"
13:38:36 [INFO] Requested: en/semisynchronous-replication/+r/122251
13:38:36 [INFO] Wrote to "../HTML/en\\semisynchronous-replication\\+r\\122251.html"
13:38:37 [INFO] Requested: en/semisynchronous-replication/+r/122252
13:38:37 [INFO] Wrote to "../HTML/en\\semisynchronous-replication\\+r\\122252.html"
13:38:39 [INFO] Requested: en/semisynchronous-replication/+r/122253
13:38:39 [INFO] Wrote to "../HTML/en\\semisynchronous-replication\\+r\\122253.html"
13:38:41 [INFO] Requested: en/semisynchronous-replication/+revision/122251/115599
13:38:41 [INFO] Wrote to "../HTML/en\\semisynchronous-replication\\+revision\\122251\\115599.html"
13:38:44 [INFO] Requested: en/semisynchronous-replication/+revision/122252/122251
13:38:44 [INFO] Wrote to "../HTML/en\\semisynchronous-replication\\+revision\\122252\\122251.html"
13:38:46 [INFO] Requested: en/semisynchronous-replication/+revision/122253/122252
13:38:46 [INFO] Wrote to "../HTML/en\\semisynchronous-replication\\+revision\\122253\\122252.html"
